2021-09-09 15:26:12,882 - instabot version: 0.117.0 (bot) - INFO - Instabot version: 0.117.0 Started
2021-09-09 15:26:12,882 - instabot version: 0.117.0 (bot) - DEBUG - Bot imported from C:\Users\HepahhangRayaneh\AppData\Local\Programs\Python\Python37\lib\site-packages\instabot\bot\bot.py
2021-09-09 15:26:12,883 - instabot version: 0.117.0 (api_login) - INFO - Not yet logged in starting: PRE-LOGIN FLOW!
2021-09-09 15:26:13,482 - instabot version: 0.117.0 (api) - DEBUG - POST to endpoint: accounts/get_prefill_candidates/ returned response: <Response [200]>
2021-09-09 15:26:14,104 - instabot version: 0.117.0 (api) - DEBUG - POST to endpoint: qe/sync/ returned response: <Response [200]>
2021-09-09 15:26:14,827 - instabot version: 0.117.0 (api) - DEBUG - POST to endpoint: launcher/sync/ returned response: <Response [200]>
2021-09-09 15:26:15,435 - instabot version: 0.117.0 (api) - DEBUG - POST to endpoint: accounts/contact_point_prefill/ returned response: <Response [200]>
2021-09-09 15:26:17,182 - instabot version: 0.117.0 (api) - DEBUG - POST to endpoint: accounts/login/ returned response: <Response [200]>
2021-09-09 15:26:17,182 - instabot version: 0.117.0 (api) - INFO - Logged-in successfully as 'mohammadkhoshnood88'!
2021-09-09 15:26:17,182 - instabot version: 0.117.0 (api_login) - INFO - LOGIN FLOW! Just logged-in: True
2021-09-09 15:26:17,820 - instabot version: 0.117.0 (api) - DEBUG - POST to endpoint: qe/sync/ returned response: <Response [200]>
2021-09-09 15:26:18,503 - instabot version: 0.117.0 (api) - DEBUG - POST to endpoint: launcher/sync/ returned response: <Response [200]>
2021-09-09 15:26:19,062 - instabot version: 0.117.0 (api) - DEBUG - GET to endpoint: zr/token/result/?device_id=android-49a1e380e3e8ea3a&token_hash=&custom_device_id=android-49a1e380e3e8ea3a&fetch_reason=token_expired returned response: <Response [200]>
2021-09-09 15:26:19,670 - instabot version: 0.117.0 (api) - DEBUG - GET to endpoint: multiple_accounts/get_account_family/ returned response: <Response [200]>
2021-09-09 15:26:20,295 - instabot version: 0.117.0 (api) - DEBUG - POST to endpoint: qe/sync/ returned response: <Response [200]>
2021-09-09 15:26:21,242 - instabot version: 0.117.0 (api) - DEBUG - GET to endpoint: igtv/browse_feed/?prefetch=1 returned response: <Response [200]>
2021-09-09 15:26:21,812 - instabot version: 0.117.0 (api) - DEBUG - POST to endpoint: creatives/ar_class/ returned response: <Response [200]>
2021-09-09 15:26:22,737 - instabot version: 0.117.0 (api) - DEBUG - POST to endpoint: feed/reels_tray/ returned response: <Response [200]>
2021-09-09 15:26:24,153 - instabot version: 0.117.0 (api) - DEBUG - POST to endpoint: feed/timeline/ returned response: <Response [200]>
2021-09-09 15:26:24,744 - instabot version: 0.117.0 (api) - DEBUG - GET to endpoint: media/blocked/ returned response: <Response [200]>
2021-09-09 15:26:25,551 - instabot version: 0.117.0 (api) - DEBUG - GET to endpoint: news/inbox/ returned response: <Response [200]>
2021-09-09 15:26:26,193 - instabot version: 0.117.0 (api) - DEBUG - GET to endpoint: loom/fetch_config/ returned response: <Response [200]>
2021-09-09 15:26:27,131 - instabot version: 0.117.0 (api) - DEBUG - GET to endpoint: scores/bootstrap/users/?surfaces=["autocomplete_user_list","coefficient_besties_list_ranking","coefficient_rank_recipient_user_suggestion","coefficient_ios_section_test_bootstrap_ranking","coefficient_direct_recipients_ranking_variant_2"] returned response: <Response [200]>
2021-09-09 15:26:27,861 - instabot version: 0.117.0 (api) - DEBUG - GET to endpoint: business/eligibility/get_monetization_products_eligibility_data/?product_types=branded_content returned response: <Response [200]>
2021-09-09 15:26:28,493 - instabot version: 0.117.0 (api) - DEBUG - GET to endpoint: business/branded_content/should_require_professional_account/ returned response: <Response [200]>
2021-09-09 15:26:29,187 - instabot version: 0.117.0 (api) - DEBUG - GET to endpoint: linked_accounts/get_linkage_status/ returned response: <Response [200]>
2021-09-09 15:26:29,843 - instabot version: 0.117.0 (api) - DEBUG - GET to endpoint: locations/request_country/ returned response: <Response [200]>
2021-09-09 15:26:30,405 - instabot version: 0.117.0 (api) - DEBUG - GET to endpoint: qp/get_cooldowns/?signed_body=signed_body=4b9c516a5410a3bc128e09c6104a7f042146b9c2023870560c63a43a7f66781c.4&ig_sig_key_version=4&ig_sig_key_version=4 returned response: <Response [200]>
2021-09-09 15:26:30,962 - instabot version: 0.117.0 (api) - DEBUG - GET to endpoint: users/arlink_download_info/?version_override=2.2.1 returned response: <Response [200]>
2021-09-09 15:26:31,738 - instabot version: 0.117.0 (api) - DEBUG - GET to endpoint: users/7888002334/info/ returned response: <Response [200]>
2021-09-09 15:26:32,581 - instabot version: 0.117.0 (api) - DEBUG - GET to endpoint: direct_v2/get_presence/ returned response: <Response [200]>
2021-09-09 15:26:35,175 - instabot version: 0.117.0 (api) - DEBUG - GET to endpoint: direct_v2/inbox/?visual_message_return_type=unseen&thread_message_limit=10&persistentBadging=true&limit=20 returned response: <Response [200]>
2021-09-09 15:26:35,817 - instabot version: 0.117.0 (api) - DEBUG - GET to endpoint: direct_v2/inbox/?visual_message_return_type=unseen&persistentBadging=true&limit=0 returned response: <Response [200]>
2021-09-09 15:26:36,479 - instabot version: 0.117.0 (api) - DEBUG - GET to endpoint: discover/topical_explore/?is_prefetch=true&omit_cover_media=true&use_sectional_payload=true&timezone_offset=0&session_id=b019b738-6eea-46c0-85f7-e1590cc596cb&include_fixed_destinations=true returned response: <Response [200]>
2021-09-09 15:26:37,146 - instabot version: 0.117.0 (api) - DEBUG - POST to endpoint: notifications/badge/ returned response: <Response [200]>
2021-09-09 15:26:37,946 - instabot version: 0.117.0 (api) - DEBUG - POST to endpoint: qp/batch_fetch/ returned response: <Response [200]>
2021-09-09 15:26:37,948 - instabot version: 0.117.0 (bot_checkpoint) - DEBUG - Loading Checkpoint file from: C:\Users\HepahhangRayaneh\Django\First\Ofogh/config/mohammadkhoshnood88.checkpoint
2021-09-09 15:26:43,538 - instabot version: 0.117.0 (api) - DEBUG - GET to endpoint: feed/tag/gardeshgari/?max_id=&rank_token=7888002334_485cd393-8673-4386-9499-615165d77bf1&ranked_content=true& returned response: <Response [200]>
2021-09-09 15:26:43,558 - instabot version: 0.117.0 (bot_follow) - INFO - Going to follow 82 users.
2021-09-09 15:26:43,652 - instabot version: 0.117.0 (bot_follow) - INFO - Going to follow `user_id` 7991698787.
2021-09-09 15:26:43,655 - instabot version: 0.117.0 (api) - DEBUG - post data: {"user_id": "7991698787", "radio_type": "wifi-none", "device_id": "android-49a1e380e3e8ea3a", "_uuid": "485cd393-8673-4386-9499-615165d77bf1", "_uid": "7888002334", "_csrftoken": "wqoCO4vQkBTLKDgNtmZJbcaL3Pj0hhAZ"}
2021-09-09 15:26:45,021 - instabot version: 0.117.0 (api) - DEBUG - POST to endpoint: friendships/create/7991698787/ returned response: <Response [200]>
2021-09-09 15:26:45,023 - instabot version: 0.117.0 (bot_follow) - INFO - Followed `user_id` 7991698787.
2021-09-09 15:26:45,698 - instabot version: 0.117.0 (api) - DEBUG - GET to endpoint: users/7888002334/info/ returned response: <Response [200]>
2021-09-09 15:26:46,411 - instabot version: 0.117.0 (api) - DEBUG - GET to endpoint: friendships/7888002334/following/?max_id=&ig_sig_key_version=4&rank_token=7888002334_485cd393-8673-4386-9499-615165d77bf1 returned response: <Response [200]>
2021-09-09 15:26:46,418 - instabot version: 0.117.0 (bot_follow) - INFO - Going to follow `user_id` 47229236947.
2021-09-09 15:27:35,321 - instabot version: 0.117.0 (bot_checkpoint) - DEBUG - Saving Checkpoint file to: C:\Users\HepahhangRayaneh\Django\First\Ofogh/config/mohammadkhoshnood88.checkpoint
2021-09-09 15:27:35,321 - instabot version: 0.117.0 (bot) - INFO - Total follows: 5/70
2021-09-09 15:27:35,322 - instabot version: 0.117.0 (bot) - INFO - Total requests: 169
