2021-09-09 15:15:10,605 - instabot version: 0.117.0 (bot) - INFO - Instabot version: 0.117.0 Started
2021-09-09 15:15:10,606 - instabot version: 0.117.0 (bot) - DEBUG - Bot imported from C:\Users\HepahhangRayaneh\AppData\Local\Programs\Python\Python37\lib\site-packages\instabot\bot\bot.py
2021-09-09 15:15:10,608 - instabot version: 0.117.0 (api_login) - INFO - Not yet logged in starting: PRE-LOGIN FLOW!
2021-09-09 15:15:11,690 - instabot version: 0.117.0 (api) - DEBUG - POST to endpoint: accounts/get_prefill_candidates/ returned response: <Response [200]>
2021-09-09 15:15:12,580 - instabot version: 0.117.0 (api) - DEBUG - POST to endpoint: qe/sync/ returned response: <Response [200]>
2021-09-09 15:15:13,343 - instabot version: 0.117.0 (api) - DEBUG - POST to endpoint: launcher/sync/ returned response: <Response [200]>
2021-09-09 15:15:14,198 - instabot version: 0.117.0 (api) - DEBUG - POST to endpoint: accounts/contact_point_prefill/ returned response: <Response [200]>
2021-09-09 15:15:16,247 - instabot version: 0.117.0 (api) - DEBUG - POST to endpoint: accounts/login/ returned response: <Response [200]>
2021-09-09 15:15:16,247 - instabot version: 0.117.0 (api) - INFO - Logged-in successfully as 'mohammadkhoshnood88'!
2021-09-09 15:15:16,248 - instabot version: 0.117.0 (api_login) - INFO - LOGIN FLOW! Just logged-in: True
2021-09-09 15:15:17,183 - instabot version: 0.117.0 (api) - DEBUG - POST to endpoint: qe/sync/ returned response: <Response [200]>
2021-09-09 15:15:18,108 - instabot version: 0.117.0 (api) - DEBUG - POST to endpoint: launcher/sync/ returned response: <Response [200]>
2021-09-09 15:15:18,953 - instabot version: 0.117.0 (api) - DEBUG - GET to endpoint: zr/token/result/?device_id=android-49a1e380e3e8ea3a&token_hash=&custom_device_id=android-49a1e380e3e8ea3a&fetch_reason=token_expired returned response: <Response [200]>
2021-09-09 15:15:19,778 - instabot version: 0.117.0 (api) - DEBUG - GET to endpoint: multiple_accounts/get_account_family/ returned response: <Response [200]>
2021-09-09 15:15:20,743 - instabot version: 0.117.0 (api) - DEBUG - POST to endpoint: qe/sync/ returned response: <Response [200]>
2021-09-09 15:15:22,018 - instabot version: 0.117.0 (api) - DEBUG - GET to endpoint: igtv/browse_feed/?prefetch=1 returned response: <Response [200]>
2021-09-09 15:15:23,731 - instabot version: 0.117.0 (api) - DEBUG - POST to endpoint: creatives/ar_class/ returned response: <Response [200]>
2021-09-09 15:15:24,728 - instabot version: 0.117.0 (api) - DEBUG - POST to endpoint: feed/reels_tray/ returned response: <Response [200]>
2021-09-09 15:15:26,248 - instabot version: 0.117.0 (api) - DEBUG - POST to endpoint: feed/timeline/ returned response: <Response [200]>
2021-09-09 15:15:28,004 - instabot version: 0.117.0 (api) - DEBUG - GET to endpoint: media/blocked/ returned response: <Response [200]>
2021-09-09 15:15:29,047 - instabot version: 0.117.0 (api) - DEBUG - GET to endpoint: news/inbox/ returned response: <Response [200]>
2021-09-09 15:15:29,929 - instabot version: 0.117.0 (api) - DEBUG - GET to endpoint: loom/fetch_config/ returned response: <Response [200]>
2021-09-09 15:15:31,752 - instabot version: 0.117.0 (api) - DEBUG - GET to endpoint: scores/bootstrap/users/?surfaces=["autocomplete_user_list","coefficient_besties_list_ranking","coefficient_rank_recipient_user_suggestion","coefficient_ios_section_test_bootstrap_ranking","coefficient_direct_recipients_ranking_variant_2"] returned response: <Response [200]>
2021-09-09 15:15:32,636 - instabot version: 0.117.0 (api) - DEBUG - GET to endpoint: business/eligibility/get_monetization_products_eligibility_data/?product_types=branded_content returned response: <Response [200]>
2021-09-09 15:15:33,396 - instabot version: 0.117.0 (api) - DEBUG - GET to endpoint: business/branded_content/should_require_professional_account/ returned response: <Response [200]>
2021-09-09 15:15:34,313 - instabot version: 0.117.0 (api) - DEBUG - GET to endpoint: linked_accounts/get_linkage_status/ returned response: <Response [200]>
2021-09-09 15:15:35,195 - instabot version: 0.117.0 (api) - DEBUG - GET to endpoint: locations/request_country/ returned response: <Response [200]>
2021-09-09 15:15:35,903 - instabot version: 0.117.0 (api) - DEBUG - GET to endpoint: qp/get_cooldowns/?signed_body=signed_body=4b9c516a5410a3bc128e09c6104a7f042146b9c2023870560c63a43a7f66781c.4&ig_sig_key_version=4&ig_sig_key_version=4 returned response: <Response [200]>
2021-09-09 15:15:36,920 - instabot version: 0.117.0 (api) - DEBUG - GET to endpoint: users/arlink_download_info/?version_override=2.2.1 returned response: <Response [200]>
2021-09-09 15:15:37,781 - instabot version: 0.117.0 (api) - DEBUG - GET to endpoint: users/7888002334/info/ returned response: <Response [200]>
2021-09-09 15:15:39,117 - instabot version: 0.117.0 (api) - DEBUG - GET to endpoint: direct_v2/get_presence/ returned response: <Response [200]>
2021-09-09 15:15:42,433 - instabot version: 0.117.0 (api) - DEBUG - GET to endpoint: direct_v2/inbox/?visual_message_return_type=unseen&thread_message_limit=10&persistentBadging=true&limit=20 returned response: <Response [200]>
2021-09-09 15:15:43,284 - instabot version: 0.117.0 (api) - DEBUG - GET to endpoint: direct_v2/inbox/?visual_message_return_type=unseen&persistentBadging=true&limit=0 returned response: <Response [200]>
2021-09-09 15:15:44,419 - instabot version: 0.117.0 (api) - DEBUG - GET to endpoint: discover/topical_explore/?is_prefetch=true&omit_cover_media=true&use_sectional_payload=true&timezone_offset=0&session_id=84019283-5df3-4424-8c9e-e384bece8c43&include_fixed_destinations=true returned response: <Response [200]>
2021-09-09 15:15:45,161 - instabot version: 0.117.0 (api) - DEBUG - POST to endpoint: notifications/badge/ returned response: <Response [200]>
2021-09-09 15:15:46,419 - instabot version: 0.117.0 (api) - DEBUG - POST to endpoint: qp/batch_fetch/ returned response: <Response [200]>
2021-09-09 15:15:46,422 - instabot version: 0.117.0 (bot_checkpoint) - DEBUG - Loading Checkpoint file from: C:\Users\HepahhangRayaneh\Django\First\Ofogh/config/mohammadkhoshnood88.checkpoint
2021-09-09 15:15:52,146 - instabot version: 0.117.0 (api) - DEBUG - GET to endpoint: feed/tag/gardeshgari/?max_id=&rank_token=7888002334_0dd3a678-d401-43ae-a4e0-97c5d5871bdb&ranked_content=true& returned response: <Response [200]>
2021-09-09 15:15:52,188 - instabot version: 0.117.0 (bot_follow) - INFO - Going to follow 82 users.
2021-09-09 15:15:52,213 - instabot version: 0.117.0 (bot_follow) - INFO - Going to follow `user_id` 29421825368.
2021-09-09 15:15:52,213 - instabot version: 0.117.0 (api) - DEBUG - post data: {"user_id": "29421825368", "radio_type": "wifi-none", "device_id": "android-49a1e380e3e8ea3a", "_uuid": "0dd3a678-d401-43ae-a4e0-97c5d5871bdb", "_uid": "7888002334", "_csrftoken": "xYi8jMcIqeUNtqiOACzbHM1twWylEkxP"}
2021-09-09 15:15:53,545 - instabot version: 0.117.0 (api) - DEBUG - POST to endpoint: friendships/create/29421825368/ returned response: <Response [200]>
2021-09-09 15:15:53,548 - instabot version: 0.117.0 (bot_follow) - INFO - Followed `user_id` 29421825368.
2021-09-09 15:15:54,504 - instabot version: 0.117.0 (api) - DEBUG - GET to endpoint: users/7888002334/info/ returned response: <Response [200]>
2021-09-09 15:15:55,420 - instabot version: 0.117.0 (api) - DEBUG - GET to endpoint: friendships/7888002334/following/?max_id=&ig_sig_key_version=4&rank_token=7888002334_0dd3a678-d401-43ae-a4e0-97c5d5871bdb returned response: <Response [200]>
2021-09-09 15:15:55,424 - instabot version: 0.117.0 (bot_follow) - INFO - Going to follow `user_id` 6258468354.
2021-09-09 15:20:12,502 - instabot version: 0.117.0 (api) - DEBUG - post data: {"user_id": "6258468354", "radio_type": "wifi-none", "device_id": "android-49a1e380e3e8ea3a", "_uuid": "0dd3a678-d401-43ae-a4e0-97c5d5871bdb", "_uid": "7888002334", "_csrftoken": "xYi8jMcIqeUNtqiOACzbHM1twWylEkxP"}
2021-09-09 15:20:13,632 - instabot version: 0.117.0 (api) - DEBUG - POST to endpoint: friendships/create/6258468354/ returned response: <Response [200]>
2021-09-09 15:20:13,633 - instabot version: 0.117.0 (bot_follow) - INFO - Followed `user_id` 6258468354.
2021-09-09 15:20:13,654 - instabot version: 0.117.0 (bot_follow) - INFO - Going to follow `user_id` 1730209115.
2021-09-09 15:25:47,369 - instabot version: 0.117.0 (bot_checkpoint) - DEBUG - Saving Checkpoint file to: C:\Users\HepahhangRayaneh\Django\First\Ofogh/config/mohammadkhoshnood88.checkpoint
2021-09-09 15:25:47,371 - instabot version: 0.117.0 (bot) - INFO - Total follows: 4/89
2021-09-09 15:25:47,372 - instabot version: 0.117.0 (bot) - INFO - Total requests: 165
