2021-09-09 15:27:45,751 - instabot version: 0.117.0 (bot) - INFO - Instabot version: 0.117.0 Started
2021-09-09 15:27:45,752 - instabot version: 0.117.0 (bot) - DEBUG - Bot imported from C:\Users\HepahhangRayaneh\AppData\Local\Programs\Python\Python37\lib\site-packages\instabot\bot\bot.py
2021-09-09 15:27:45,752 - instabot version: 0.117.0 (api_login) - INFO - Not yet logged in starting: PRE-LOGIN FLOW!
2021-09-09 15:27:46,372 - instabot version: 0.117.0 (api) - DEBUG - POST to endpoint: accounts/get_prefill_candidates/ returned response: <Response [200]>
2021-09-09 15:27:47,034 - instabot version: 0.117.0 (api) - DEBUG - POST to endpoint: qe/sync/ returned response: <Response [200]>
2021-09-09 15:27:47,589 - instabot version: 0.117.0 (api) - DEBUG - POST to endpoint: launcher/sync/ returned response: <Response [200]>
2021-09-09 15:27:48,129 - instabot version: 0.117.0 (api) - DEBUG - POST to endpoint: accounts/contact_point_prefill/ returned response: <Response [200]>
2021-09-09 15:27:49,899 - instabot version: 0.117.0 (api) - DEBUG - POST to endpoint: accounts/login/ returned response: <Response [200]>
2021-09-09 15:27:49,899 - instabot version: 0.117.0 (api) - INFO - Logged-in successfully as 'mohammadkhoshnood88'!
2021-09-09 15:27:49,899 - instabot version: 0.117.0 (api_login) - INFO - LOGIN FLOW! Just logged-in: True
2021-09-09 15:27:50,621 - instabot version: 0.117.0 (api) - DEBUG - POST to endpoint: qe/sync/ returned response: <Response [200]>
2021-09-09 15:27:51,220 - instabot version: 0.117.0 (api) - DEBUG - POST to endpoint: launcher/sync/ returned response: <Response [200]>
2021-09-09 15:27:51,870 - instabot version: 0.117.0 (api) - DEBUG - GET to endpoint: zr/token/result/?device_id=android-49a1e380e3e8ea3a&token_hash=&custom_device_id=android-49a1e380e3e8ea3a&fetch_reason=token_expired returned response: <Response [200]>
2021-09-09 15:27:52,416 - instabot version: 0.117.0 (api) - DEBUG - GET to endpoint: multiple_accounts/get_account_family/ returned response: <Response [200]>
2021-09-09 15:27:53,092 - instabot version: 0.117.0 (api) - DEBUG - POST to endpoint: qe/sync/ returned response: <Response [200]>
2021-09-09 15:27:54,234 - instabot version: 0.117.0 (api) - DEBUG - GET to endpoint: igtv/browse_feed/?prefetch=1 returned response: <Response [200]>
2021-09-09 15:27:54,924 - instabot version: 0.117.0 (api) - DEBUG - POST to endpoint: creatives/ar_class/ returned response: <Response [200]>
2021-09-09 15:27:55,798 - instabot version: 0.117.0 (api) - DEBUG - POST to endpoint: feed/reels_tray/ returned response: <Response [200]>
2021-09-09 15:27:57,246 - instabot version: 0.117.0 (api) - DEBUG - POST to endpoint: feed/timeline/ returned response: <Response [200]>
2021-09-09 15:27:57,839 - instabot version: 0.117.0 (api) - DEBUG - GET to endpoint: media/blocked/ returned response: <Response [200]>
2021-09-09 15:27:58,843 - instabot version: 0.117.0 (api) - DEBUG - GET to endpoint: news/inbox/ returned response: <Response [200]>
2021-09-09 15:27:59,506 - instabot version: 0.117.0 (api) - DEBUG - GET to endpoint: loom/fetch_config/ returned response: <Response [200]>
2021-09-09 15:28:00,294 - instabot version: 0.117.0 (api) - DEBUG - GET to endpoint: scores/bootstrap/users/?surfaces=["autocomplete_user_list","coefficient_besties_list_ranking","coefficient_rank_recipient_user_suggestion","coefficient_ios_section_test_bootstrap_ranking","coefficient_direct_recipients_ranking_variant_2"] returned response: <Response [200]>
2021-09-09 15:28:00,860 - instabot version: 0.117.0 (api) - DEBUG - GET to endpoint: business/eligibility/get_monetization_products_eligibility_data/?product_types=branded_content returned response: <Response [200]>
2021-09-09 15:28:01,503 - instabot version: 0.117.0 (api) - DEBUG - GET to endpoint: business/branded_content/should_require_professional_account/ returned response: <Response [200]>
2021-09-09 15:28:02,198 - instabot version: 0.117.0 (api) - DEBUG - GET to endpoint: linked_accounts/get_linkage_status/ returned response: <Response [200]>
2021-09-09 15:28:02,826 - instabot version: 0.117.0 (api) - DEBUG - GET to endpoint: locations/request_country/ returned response: <Response [200]>
2021-09-09 15:28:03,403 - instabot version: 0.117.0 (api) - DEBUG - GET to endpoint: qp/get_cooldowns/?signed_body=signed_body=4b9c516a5410a3bc128e09c6104a7f042146b9c2023870560c63a43a7f66781c.4&ig_sig_key_version=4&ig_sig_key_version=4 returned response: <Response [200]>
2021-09-09 15:28:03,988 - instabot version: 0.117.0 (api) - DEBUG - GET to endpoint: users/arlink_download_info/?version_override=2.2.1 returned response: <Response [200]>
2021-09-09 15:28:04,770 - instabot version: 0.117.0 (api) - DEBUG - GET to endpoint: users/7888002334/info/ returned response: <Response [200]>
2021-09-09 15:28:05,761 - instabot version: 0.117.0 (api) - DEBUG - GET to endpoint: direct_v2/get_presence/ returned response: <Response [200]>
2021-09-09 15:28:08,331 - instabot version: 0.117.0 (api) - DEBUG - GET to endpoint: direct_v2/inbox/?visual_message_return_type=unseen&thread_message_limit=10&persistentBadging=true&limit=20 returned response: <Response [200]>
2021-09-09 15:28:08,951 - instabot version: 0.117.0 (api) - DEBUG - GET to endpoint: direct_v2/inbox/?visual_message_return_type=unseen&persistentBadging=true&limit=0 returned response: <Response [200]>
2021-09-09 15:28:10,161 - instabot version: 0.117.0 (api) - DEBUG - GET to endpoint: discover/topical_explore/?is_prefetch=true&omit_cover_media=true&use_sectional_payload=true&timezone_offset=0&session_id=97c530b7-90c2-4e83-a6be-a731b8b17a7c&include_fixed_destinations=true returned response: <Response [200]>
2021-09-09 15:28:10,846 - instabot version: 0.117.0 (api) - DEBUG - POST to endpoint: notifications/badge/ returned response: <Response [200]>
2021-09-09 15:28:11,642 - instabot version: 0.117.0 (api) - DEBUG - POST to endpoint: qp/batch_fetch/ returned response: <Response [200]>
2021-09-09 15:28:11,644 - instabot version: 0.117.0 (bot_checkpoint) - DEBUG - Loading Checkpoint file from: C:\Users\HepahhangRayaneh\Django\First\Ofogh/config/mohammadkhoshnood88.checkpoint
2021-09-09 15:28:17,240 - instabot version: 0.117.0 (api) - DEBUG - GET to endpoint: feed/tag/gardeshgari/?max_id=&rank_token=7888002334_5a35dc20-77e3-4bab-976e-a6330e8fd65f&ranked_content=true& returned response: <Response [200]>
2021-09-09 15:28:22,462 - instabot version: 0.117.0 (api) - DEBUG - GET to endpoint: feed/tag/gardeshgari/?max_id=&rank_token=7888002334_5a35dc20-77e3-4bab-976e-a6330e8fd65f&ranked_content=true& returned response: <Response [200]>
2021-09-09 15:28:27,078 - instabot version: 0.117.0 (api) - DEBUG - GET to endpoint: feed/tag/gardeshgari/?max_id=&rank_token=7888002334_5a35dc20-77e3-4bab-976e-a6330e8fd65f&ranked_content=true& returned response: <Response [200]>
2021-09-09 15:28:32,258 - instabot version: 0.117.0 (api) - DEBUG - GET to endpoint: feed/tag/gardeshgari/?max_id=&rank_token=7888002334_5a35dc20-77e3-4bab-976e-a6330e8fd65f&ranked_content=true& returned response: <Response [200]>
2021-09-09 15:28:37,284 - instabot version: 0.117.0 (api) - DEBUG - GET to endpoint: feed/tag/gardeshgari/?max_id=&rank_token=7888002334_5a35dc20-77e3-4bab-976e-a6330e8fd65f&ranked_content=true& returned response: <Response [200]>
2021-09-09 15:28:41,955 - instabot version: 0.117.0 (api) - DEBUG - GET to endpoint: feed/tag/gardeshgari/?max_id=&rank_token=7888002334_5a35dc20-77e3-4bab-976e-a6330e8fd65f&ranked_content=true& returned response: <Response [200]>
2021-09-09 15:28:46,593 - instabot version: 0.117.0 (api) - DEBUG - GET to endpoint: feed/tag/gardeshgari/?max_id=&rank_token=7888002334_5a35dc20-77e3-4bab-976e-a6330e8fd65f&ranked_content=true& returned response: <Response [200]>
2021-09-09 15:28:51,750 - instabot version: 0.117.0 (api) - DEBUG - GET to endpoint: feed/tag/gardeshgari/?max_id=&rank_token=7888002334_5a35dc20-77e3-4bab-976e-a6330e8fd65f&ranked_content=true& returned response: <Response [200]>
2021-09-09 15:28:57,085 - instabot version: 0.117.0 (api) - DEBUG - GET to endpoint: feed/tag/gardeshgari/?max_id=&rank_token=7888002334_5a35dc20-77e3-4bab-976e-a6330e8fd65f&ranked_content=true& returned response: <Response [200]>
2021-09-09 15:29:01,738 - instabot version: 0.117.0 (api) - DEBUG - GET to endpoint: feed/tag/gardeshgari/?max_id=&rank_token=7888002334_5a35dc20-77e3-4bab-976e-a6330e8fd65f&ranked_content=true& returned response: <Response [200]>
2021-09-09 15:29:06,355 - instabot version: 0.117.0 (api) - DEBUG - GET to endpoint: feed/tag/gardeshgari/?max_id=&rank_token=7888002334_5a35dc20-77e3-4bab-976e-a6330e8fd65f&ranked_content=true& returned response: <Response [200]>
2021-09-09 15:29:10,873 - instabot version: 0.117.0 (api) - DEBUG - GET to endpoint: feed/tag/gardeshgari/?max_id=&rank_token=7888002334_5a35dc20-77e3-4bab-976e-a6330e8fd65f&ranked_content=true& returned response: <Response [200]>
2021-09-09 15:29:15,480 - instabot version: 0.117.0 (api) - DEBUG - GET to endpoint: feed/tag/gardeshgari/?max_id=&rank_token=7888002334_5a35dc20-77e3-4bab-976e-a6330e8fd65f&ranked_content=true& returned response: <Response [200]>
2021-09-09 15:29:20,277 - instabot version: 0.117.0 (api) - DEBUG - GET to endpoint: feed/tag/gardeshgari/?max_id=&rank_token=7888002334_5a35dc20-77e3-4bab-976e-a6330e8fd65f&ranked_content=true& returned response: <Response [200]>
2021-09-09 15:29:24,995 - instabot version: 0.117.0 (api) - DEBUG - GET to endpoint: feed/tag/gardeshgari/?max_id=&rank_token=7888002334_5a35dc20-77e3-4bab-976e-a6330e8fd65f&ranked_content=true& returned response: <Response [200]>
2021-09-09 15:29:29,698 - instabot version: 0.117.0 (api) - DEBUG - GET to endpoint: feed/tag/gardeshgari/?max_id=&rank_token=7888002334_5a35dc20-77e3-4bab-976e-a6330e8fd65f&ranked_content=true& returned response: <Response [200]>
2021-09-09 15:29:34,649 - instabot version: 0.117.0 (api) - DEBUG - GET to endpoint: feed/tag/gardeshgari/?max_id=&rank_token=7888002334_5a35dc20-77e3-4bab-976e-a6330e8fd65f&ranked_content=true& returned response: <Response [200]>
2021-09-09 15:29:39,346 - instabot version: 0.117.0 (api) - DEBUG - GET to endpoint: feed/tag/gardeshgari/?max_id=&rank_token=7888002334_5a35dc20-77e3-4bab-976e-a6330e8fd65f&ranked_content=true& returned response: <Response [200]>
2021-09-09 15:29:53,931 - instabot version: 0.117.0 (api) - DEBUG - GET to endpoint: feed/tag/gardeshgari/?max_id=&rank_token=7888002334_5a35dc20-77e3-4bab-976e-a6330e8fd65f&ranked_content=true& returned response: <Response [200]>
2021-09-09 15:29:58,619 - instabot version: 0.117.0 (api) - DEBUG - GET to endpoint: feed/tag/gardeshgari/?max_id=&rank_token=7888002334_5a35dc20-77e3-4bab-976e-a6330e8fd65f&ranked_content=true& returned response: <Response [200]>
2021-09-09 15:30:03,567 - instabot version: 0.117.0 (api) - DEBUG - GET to endpoint: feed/tag/gardeshgari/?max_id=&rank_token=7888002334_5a35dc20-77e3-4bab-976e-a6330e8fd65f&ranked_content=true& returned response: <Response [200]>
2021-09-09 15:30:08,658 - instabot version: 0.117.0 (api) - DEBUG - GET to endpoint: feed/tag/gardeshgari/?max_id=&rank_token=7888002334_5a35dc20-77e3-4bab-976e-a6330e8fd65f&ranked_content=true& returned response: <Response [200]>
2021-09-09 15:30:13,356 - instabot version: 0.117.0 (api) - DEBUG - GET to endpoint: feed/tag/gardeshgari/?max_id=&rank_token=7888002334_5a35dc20-77e3-4bab-976e-a6330e8fd65f&ranked_content=true& returned response: <Response [200]>
2021-09-09 15:30:18,832 - instabot version: 0.117.0 (api) - DEBUG - GET to endpoint: feed/tag/gardeshgari/?max_id=&rank_token=7888002334_5a35dc20-77e3-4bab-976e-a6330e8fd65f&ranked_content=true& returned response: <Response [200]>
2021-09-09 15:30:24,066 - instabot version: 0.117.0 (api) - DEBUG - GET to endpoint: feed/tag/gardeshgari/?max_id=&rank_token=7888002334_5a35dc20-77e3-4bab-976e-a6330e8fd65f&ranked_content=true& returned response: <Response [200]>
2021-09-09 15:30:29,586 - instabot version: 0.117.0 (api) - DEBUG - GET to endpoint: feed/tag/gardeshgari/?max_id=&rank_token=7888002334_5a35dc20-77e3-4bab-976e-a6330e8fd65f&ranked_content=true& returned response: <Response [200]>
2021-09-09 15:30:35,232 - instabot version: 0.117.0 (api) - DEBUG - GET to endpoint: feed/tag/gardeshgari/?max_id=&rank_token=7888002334_5a35dc20-77e3-4bab-976e-a6330e8fd65f&ranked_content=true& returned response: <Response [200]>
2021-09-09 15:30:40,642 - instabot version: 0.117.0 (api) - DEBUG - GET to endpoint: feed/tag/gardeshgari/?max_id=&rank_token=7888002334_5a35dc20-77e3-4bab-976e-a6330e8fd65f&ranked_content=true& returned response: <Response [200]>
2021-09-09 15:30:45,379 - instabot version: 0.117.0 (api) - DEBUG - GET to endpoint: feed/tag/gardeshgari/?max_id=&rank_token=7888002334_5a35dc20-77e3-4bab-976e-a6330e8fd65f&ranked_content=true& returned response: <Response [200]>
2021-09-09 15:30:50,759 - instabot version: 0.117.0 (api) - DEBUG - GET to endpoint: feed/tag/gardeshgari/?max_id=&rank_token=7888002334_5a35dc20-77e3-4bab-976e-a6330e8fd65f&ranked_content=true& returned response: <Response [200]>
2021-09-09 15:30:55,868 - instabot version: 0.117.0 (api) - DEBUG - GET to endpoint: feed/tag/gardeshgari/?max_id=&rank_token=7888002334_5a35dc20-77e3-4bab-976e-a6330e8fd65f&ranked_content=true& returned response: <Response [200]>
2021-09-09 15:31:00,839 - instabot version: 0.117.0 (api) - DEBUG - GET to endpoint: feed/tag/gardeshgari/?max_id=&rank_token=7888002334_5a35dc20-77e3-4bab-976e-a6330e8fd65f&ranked_content=true& returned response: <Response [200]>
2021-09-09 15:31:06,377 - instabot version: 0.117.0 (api) - DEBUG - GET to endpoint: feed/tag/gardeshgari/?max_id=&rank_token=7888002334_5a35dc20-77e3-4bab-976e-a6330e8fd65f&ranked_content=true& returned response: <Response [200]>
2021-09-09 15:31:11,310 - instabot version: 0.117.0 (api) - DEBUG - GET to endpoint: feed/tag/gardeshgari/?max_id=&rank_token=7888002334_5a35dc20-77e3-4bab-976e-a6330e8fd65f&ranked_content=true& returned response: <Response [200]>
2021-09-09 15:31:16,586 - instabot version: 0.117.0 (api) - DEBUG - GET to endpoint: feed/tag/gardeshgari/?max_id=&rank_token=7888002334_5a35dc20-77e3-4bab-976e-a6330e8fd65f&ranked_content=true& returned response: <Response [200]>
2021-09-09 15:31:22,130 - instabot version: 0.117.0 (api) - DEBUG - GET to endpoint: feed/tag/gardeshgari/?max_id=&rank_token=7888002334_5a35dc20-77e3-4bab-976e-a6330e8fd65f&ranked_content=true& returned response: <Response [200]>
2021-09-09 15:31:32,858 - instabot version: 0.117.0 (bot_checkpoint) - DEBUG - Saving Checkpoint file to: C:\Users\HepahhangRayaneh\Django\First\Ofogh/config/mohammadkhoshnood88.checkpoint
2021-09-09 15:31:32,859 - instabot version: 0.117.0 (bot) - INFO - Total follows: 5/51
2021-09-09 15:31:32,859 - instabot version: 0.117.0 (bot) - INFO - Total requests: 206
