2021-09-09 14:12:02,739 - instabot version: 0.117.0 (bot) - INFO - Instabot version: 0.117.0 Started
2021-09-09 14:12:02,740 - instabot version: 0.117.0 (bot) - DEBUG - Bot imported from C:\Users\HepahhangRayaneh\AppData\Local\Programs\Python\Python37\lib\site-packages\instabot\bot\bot.py
2021-09-09 14:12:02,742 - instabot version: 0.117.0 (api_login) - INFO - Not yet logged in starting: PRE-LOGIN FLOW!
2021-09-09 14:12:04,172 - instabot version: 0.117.0 (api) - DEBUG - POST to endpoint: accounts/get_prefill_candidates/ returned response: <Response [200]>
2021-09-09 14:12:05,395 - instabot version: 0.117.0 (api) - DEBUG - POST to endpoint: qe/sync/ returned response: <Response [200]>
2021-09-09 14:12:06,598 - instabot version: 0.117.0 (api) - DEBUG - POST to endpoint: launcher/sync/ returned response: <Response [200]>
2021-09-09 14:12:07,819 - instabot version: 0.117.0 (api) - DEBUG - POST to endpoint: accounts/contact_point_prefill/ returned response: <Response [200]>
2021-09-09 14:12:11,104 - instabot version: 0.117.0 (api) - DEBUG - POST to endpoint: accounts/login/ returned response: <Response [200]>
2021-09-09 14:12:11,172 - instabot version: 0.117.0 (api) - INFO - Logged-in successfully as 'mohammadkhoshnood88'!
2021-09-09 14:12:11,172 - instabot version: 0.117.0 (api_login) - INFO - LOGIN FLOW! Just logged-in: True
2021-09-09 14:12:12,416 - instabot version: 0.117.0 (api) - DEBUG - POST to endpoint: qe/sync/ returned response: <Response [200]>
2021-09-09 14:12:13,712 - instabot version: 0.117.0 (api) - DEBUG - POST to endpoint: launcher/sync/ returned response: <Response [200]>
2021-09-09 14:12:14,841 - instabot version: 0.117.0 (api) - DEBUG - GET to endpoint: zr/token/result/?device_id=android-49a1e380e3e8ea3a&token_hash=&custom_device_id=android-49a1e380e3e8ea3a&fetch_reason=token_expired returned response: <Response [200]>
2021-09-09 14:12:16,089 - instabot version: 0.117.0 (api) - DEBUG - GET to endpoint: multiple_accounts/get_account_family/ returned response: <Response [200]>
2021-09-09 14:12:17,389 - instabot version: 0.117.0 (api) - DEBUG - POST to endpoint: qe/sync/ returned response: <Response [200]>
2021-09-09 14:12:19,055 - instabot version: 0.117.0 (api) - DEBUG - GET to endpoint: igtv/browse_feed/?prefetch=1 returned response: <Response [200]>
2021-09-09 14:12:20,358 - instabot version: 0.117.0 (api) - DEBUG - POST to endpoint: creatives/ar_class/ returned response: <Response [200]>
2021-09-09 14:12:22,156 - instabot version: 0.117.0 (api) - DEBUG - POST to endpoint: feed/reels_tray/ returned response: <Response [200]>
2021-09-09 14:12:30,916 - instabot version: 0.117.0 (api) - DEBUG - POST to endpoint: feed/timeline/ returned response: <Response [200]>
2021-09-09 14:12:32,101 - instabot version: 0.117.0 (api) - DEBUG - GET to endpoint: media/blocked/ returned response: <Response [200]>
2021-09-09 14:12:33,691 - instabot version: 0.117.0 (api) - DEBUG - GET to endpoint: news/inbox/ returned response: <Response [200]>
2021-09-09 14:12:35,365 - instabot version: 0.117.0 (api) - DEBUG - GET to endpoint: loom/fetch_config/ returned response: <Response [200]>
2021-09-09 14:12:39,251 - instabot version: 0.117.0 (api) - DEBUG - GET to endpoint: scores/bootstrap/users/?surfaces=["autocomplete_user_list","coefficient_besties_list_ranking","coefficient_rank_recipient_user_suggestion","coefficient_ios_section_test_bootstrap_ranking","coefficient_direct_recipients_ranking_variant_2"] returned response: <Response [200]>
2021-09-09 14:12:43,527 - instabot version: 0.117.0 (api) - DEBUG - GET to endpoint: business/eligibility/get_monetization_products_eligibility_data/?product_types=branded_content returned response: <Response [200]>
2021-09-09 14:12:44,680 - instabot version: 0.117.0 (api) - DEBUG - GET to endpoint: business/branded_content/should_require_professional_account/ returned response: <Response [200]>
2021-09-09 14:12:45,954 - instabot version: 0.117.0 (api) - DEBUG - GET to endpoint: linked_accounts/get_linkage_status/ returned response: <Response [200]>
2021-09-09 14:12:47,786 - instabot version: 0.117.0 (api) - DEBUG - GET to endpoint: locations/request_country/ returned response: <Response [200]>
2021-09-09 14:12:48,999 - instabot version: 0.117.0 (api) - DEBUG - GET to endpoint: qp/get_cooldowns/?signed_body=signed_body=4b9c516a5410a3bc128e09c6104a7f042146b9c2023870560c63a43a7f66781c.4&ig_sig_key_version=4&ig_sig_key_version=4 returned response: <Response [200]>
2021-09-09 14:12:50,597 - instabot version: 0.117.0 (api) - DEBUG - GET to endpoint: users/arlink_download_info/?version_override=2.2.1 returned response: <Response [200]>
2021-09-09 14:12:52,009 - instabot version: 0.117.0 (api) - DEBUG - GET to endpoint: users/7888002334/info/ returned response: <Response [200]>
2021-09-09 14:12:53,807 - instabot version: 0.117.0 (api) - DEBUG - GET to endpoint: direct_v2/get_presence/ returned response: <Response [200]>
2021-09-09 14:12:57,484 - instabot version: 0.117.0 (api) - DEBUG - GET to endpoint: direct_v2/inbox/?visual_message_return_type=unseen&thread_message_limit=10&persistentBadging=true&limit=20 returned response: <Response [200]>
2021-09-09 14:12:58,788 - instabot version: 0.117.0 (api) - DEBUG - GET to endpoint: direct_v2/inbox/?visual_message_return_type=unseen&persistentBadging=true&limit=0 returned response: <Response [200]>
2021-09-09 14:13:02,118 - instabot version: 0.117.0 (api) - DEBUG - GET to endpoint: discover/topical_explore/?is_prefetch=true&omit_cover_media=true&use_sectional_payload=true&timezone_offset=0&session_id=82fbc8a8-f1c9-49ff-baa4-c85a6c11d9b6&include_fixed_destinations=true returned response: <Response [200]>
2021-09-09 14:13:03,356 - instabot version: 0.117.0 (api) - DEBUG - POST to endpoint: notifications/badge/ returned response: <Response [200]>
2021-09-09 14:13:06,459 - instabot version: 0.117.0 (api) - DEBUG - POST to endpoint: qp/batch_fetch/ returned response: <Response [200]>
2021-09-09 14:13:06,461 - instabot version: 0.117.0 (bot_checkpoint) - DEBUG - Loading Checkpoint file from: C:\Users\HepahhangRayaneh\Django\First\Ofogh/config/mohammadkhoshnood88.checkpoint
2021-09-09 14:13:07,766 - instabot version: 0.117.0 (api) - DEBUG - GET to endpoint: users/mohammadkhoshnood88/usernameinfo/ returned response: <Response [200]>
2021-09-09 14:13:10,456 - instabot version: 0.117.0 (api) - DEBUG - GET to endpoint: users/7888002334/info/ returned response: <Response [200]>
2021-09-09 14:13:12,627 - instabot version: 0.117.0 (api) - DEBUG - GET to endpoint: friendships/7888002334/followers/?rank_token=7888002334_79557e93-1dab-4bf1-99a9-771379d63a64 returned response: <Response [200]>
2021-09-09 14:13:14,519 - instabot version: 0.117.0 (api) - DEBUG - GET to endpoint: users/7715360255/info/ returned response: <Response [200]>
2021-09-09 14:13:15,935 - instabot version: 0.117.0 (api) - DEBUG - GET to endpoint: users/1561288542/info/ returned response: <Response [200]>
2021-09-09 14:13:20,560 - instabot version: 0.117.0 (api) - DEBUG - GET to endpoint: users/8369026154/info/ returned response: <Response [200]>
2021-09-09 14:13:22,935 - instabot version: 0.117.0 (api) - DEBUG - GET to endpoint: users/26524635486/info/ returned response: <Response [200]>
2021-09-09 14:13:24,964 - instabot version: 0.117.0 (api) - DEBUG - GET to endpoint: users/2211655772/info/ returned response: <Response [200]>
2021-09-09 14:13:26,246 - instabot version: 0.117.0 (api) - DEBUG - GET to endpoint: users/6765991668/info/ returned response: <Response [200]>
2021-09-09 14:13:28,087 - instabot version: 0.117.0 (api) - DEBUG - GET to endpoint: users/1499573503/info/ returned response: <Response [200]>
2021-09-09 14:13:30,095 - instabot version: 0.117.0 (api) - DEBUG - GET to endpoint: users/18721385052/info/ returned response: <Response [200]>
2021-09-09 14:13:31,774 - instabot version: 0.117.0 (api) - DEBUG - GET to endpoint: users/28427644615/info/ returned response: <Response [200]>
2021-09-09 14:13:33,050 - instabot version: 0.117.0 (api) - DEBUG - GET to endpoint: users/2075715180/info/ returned response: <Response [200]>
2021-09-09 14:13:34,344 - instabot version: 0.117.0 (api) - DEBUG - GET to endpoint: users/31700917257/info/ returned response: <Response [200]>
2021-09-09 14:13:35,768 - instabot version: 0.117.0 (api) - DEBUG - GET to endpoint: users/2077896485/info/ returned response: <Response [200]>
2021-09-09 14:13:37,449 - instabot version: 0.117.0 (api) - DEBUG - GET to endpoint: users/48126032481/info/ returned response: <Response [200]>
2021-09-09 14:13:39,563 - instabot version: 0.117.0 (api) - DEBUG - GET to endpoint: users/4472027080/info/ returned response: <Response [200]>
2021-09-09 14:13:42,061 - instabot version: 0.117.0 (api) - DEBUG - GET to endpoint: users/537414433/info/ returned response: <Response [200]>
2021-09-09 14:13:43,637 - instabot version: 0.117.0 (api) - DEBUG - GET to endpoint: users/5676243383/info/ returned response: <Response [200]>
2021-09-09 14:13:44,928 - instabot version: 0.117.0 (api) - DEBUG - GET to endpoint: users/26199244044/info/ returned response: <Response [200]>
2021-09-09 14:13:47,450 - instabot version: 0.117.0 (api) - DEBUG - GET to endpoint: users/8354285515/info/ returned response: <Response [200]>
2021-09-09 14:13:48,850 - instabot version: 0.117.0 (api) - DEBUG - GET to endpoint: users/21889133077/info/ returned response: <Response [200]>
2021-09-09 14:13:50,278 - instabot version: 0.117.0 (api) - DEBUG - GET to endpoint: users/28323025583/info/ returned response: <Response [200]>
2021-09-09 14:13:51,640 - instabot version: 0.117.0 (api) - DEBUG - GET to endpoint: users/18896252576/info/ returned response: <Response [200]>
2021-09-09 14:13:53,377 - instabot version: 0.117.0 (api) - DEBUG - GET to endpoint: users/2249703118/info/ returned response: <Response [200]>
2021-09-09 14:13:54,767 - instabot version: 0.117.0 (api) - DEBUG - GET to endpoint: users/1308622233/info/ returned response: <Response [200]>
2021-09-09 14:13:56,117 - instabot version: 0.117.0 (api) - DEBUG - GET to endpoint: users/15284897639/info/ returned response: <Response [200]>
2021-09-09 14:13:57,485 - instabot version: 0.117.0 (api) - DEBUG - GET to endpoint: users/20747225756/info/ returned response: <Response [200]>
2021-09-09 14:13:59,690 - instabot version: 0.117.0 (api) - DEBUG - GET to endpoint: users/13506951356/info/ returned response: <Response [200]>
2021-09-09 14:14:01,060 - instabot version: 0.117.0 (api) - DEBUG - GET to endpoint: users/2291766559/info/ returned response: <Response [200]>
2021-09-09 14:14:02,474 - instabot version: 0.117.0 (api) - DEBUG - GET to endpoint: users/4345967761/info/ returned response: <Response [200]>
2021-09-09 14:14:03,854 - instabot version: 0.117.0 (api) - DEBUG - GET to endpoint: users/620203793/info/ returned response: <Response [200]>
2021-09-09 14:14:05,732 - instabot version: 0.117.0 (api) - DEBUG - GET to endpoint: users/1417406089/info/ returned response: <Response [200]>
2021-09-09 14:14:07,216 - instabot version: 0.117.0 (api) - DEBUG - GET to endpoint: users/3031470404/info/ returned response: <Response [200]>
2021-09-09 14:14:08,921 - instabot version: 0.117.0 (api) - DEBUG - GET to endpoint: users/19862449357/info/ returned response: <Response [200]>
2021-09-09 14:14:10,556 - instabot version: 0.117.0 (api) - DEBUG - GET to endpoint: users/9221040044/info/ returned response: <Response [200]>
2021-09-09 14:14:12,089 - instabot version: 0.117.0 (api) - DEBUG - GET to endpoint: users/39541325728/info/ returned response: <Response [200]>
2021-09-09 14:14:13,413 - instabot version: 0.117.0 (api) - DEBUG - GET to endpoint: users/17946647128/info/ returned response: <Response [200]>
2021-09-09 14:14:15,191 - instabot version: 0.117.0 (api) - DEBUG - GET to endpoint: users/8567611648/info/ returned response: <Response [200]>
2021-09-09 14:14:16,517 - instabot version: 0.117.0 (api) - DEBUG - GET to endpoint: users/5400593804/info/ returned response: <Response [200]>
2021-09-09 14:14:18,124 - instabot version: 0.117.0 (api) - DEBUG - GET to endpoint: users/4023712993/info/ returned response: <Response [200]>
2021-09-09 14:14:19,769 - instabot version: 0.117.0 (api) - DEBUG - GET to endpoint: users/4859154407/info/ returned response: <Response [200]>
2021-09-09 14:14:22,007 - instabot version: 0.117.0 (api) - DEBUG - GET to endpoint: users/12322938441/info/ returned response: <Response [200]>
2021-09-09 14:14:23,758 - instabot version: 0.117.0 (api) - DEBUG - GET to endpoint: users/3253281419/info/ returned response: <Response [200]>
2021-09-09 14:14:25,102 - instabot version: 0.117.0 (api) - DEBUG - GET to endpoint: users/10734667765/info/ returned response: <Response [200]>
2021-09-09 14:14:26,536 - instabot version: 0.117.0 (api) - DEBUG - GET to endpoint: users/5576310747/info/ returned response: <Response [200]>
2021-09-09 14:14:28,403 - instabot version: 0.117.0 (api) - DEBUG - GET to endpoint: users/3861838164/info/ returned response: <Response [200]>
2021-09-09 14:14:29,934 - instabot version: 0.117.0 (api) - DEBUG - GET to endpoint: users/2148236532/info/ returned response: <Response [200]>
2021-09-09 14:14:31,266 - instabot version: 0.117.0 (api) - DEBUG - GET to endpoint: users/1550206314/info/ returned response: <Response [200]>
2021-09-09 14:14:32,986 - instabot version: 0.117.0 (api) - DEBUG - GET to endpoint: users/1693129007/info/ returned response: <Response [200]>
2021-09-09 14:14:34,282 - instabot version: 0.117.0 (api) - DEBUG - GET to endpoint: users/45981726350/info/ returned response: <Response [200]>
2021-09-09 14:14:35,633 - instabot version: 0.117.0 (api) - DEBUG - GET to endpoint: users/2997573098/info/ returned response: <Response [200]>
2021-09-09 14:14:37,085 - instabot version: 0.117.0 (api) - DEBUG - GET to endpoint: users/49215341561/info/ returned response: <Response [200]>
2021-09-09 14:14:38,419 - instabot version: 0.117.0 (api) - DEBUG - GET to endpoint: users/1519030892/info/ returned response: <Response [200]>
2021-09-09 14:14:39,692 - instabot version: 0.117.0 (api) - DEBUG - GET to endpoint: users/2371270319/info/ returned response: <Response [200]>
2021-09-09 14:14:41,003 - instabot version: 0.117.0 (api) - DEBUG - GET to endpoint: users/8148720150/info/ returned response: <Response [200]>
2021-09-09 14:14:42,805 - instabot version: 0.117.0 (api) - DEBUG - GET to endpoint: users/9135085002/info/ returned response: <Response [200]>
2021-09-09 14:14:45,114 - instabot version: 0.117.0 (api) - DEBUG - GET to endpoint: users/47332908806/info/ returned response: <Response [200]>
2021-09-09 14:14:46,464 - instabot version: 0.117.0 (api) - DEBUG - GET to endpoint: users/40241369428/info/ returned response: <Response [200]>
2021-09-09 14:14:48,838 - instabot version: 0.117.0 (api) - DEBUG - GET to endpoint: users/32300204960/info/ returned response: <Response [200]>
2021-09-09 14:14:50,532 - instabot version: 0.117.0 (api) - DEBUG - GET to endpoint: users/9139331182/info/ returned response: <Response [200]>
2021-09-09 14:14:52,316 - instabot version: 0.117.0 (api) - DEBUG - GET to endpoint: users/4018822879/info/ returned response: <Response [200]>
2021-09-09 14:14:53,559 - instabot version: 0.117.0 (api) - DEBUG - GET to endpoint: users/3534335151/info/ returned response: <Response [200]>
2021-09-09 14:14:54,968 - instabot version: 0.117.0 (api) - DEBUG - GET to endpoint: users/5656114532/info/ returned response: <Response [200]>
2021-09-09 14:14:56,416 - instabot version: 0.117.0 (api) - DEBUG - GET to endpoint: users/7507149694/info/ returned response: <Response [200]>
2021-09-09 14:14:57,758 - instabot version: 0.117.0 (api) - DEBUG - GET to endpoint: users/1130350403/info/ returned response: <Response [200]>
2021-09-09 14:14:59,483 - instabot version: 0.117.0 (api) - DEBUG - GET to endpoint: users/34619709421/info/ returned response: <Response [200]>
2021-09-09 14:15:00,303 - instabot version: 0.117.0 (api) - DEBUG - GET to endpoint: users/5843434011/info/ returned response: <Response [200]>
2021-09-09 14:15:01,241 - instabot version: 0.117.0 (api) - DEBUG - GET to endpoint: users/2572512025/info/ returned response: <Response [200]>
2021-09-09 14:15:02,138 - instabot version: 0.117.0 (api) - DEBUG - GET to endpoint: users/24055783067/info/ returned response: <Response [200]>
2021-09-09 14:15:03,058 - instabot version: 0.117.0 (api) - DEBUG - GET to endpoint: users/1548127909/info/ returned response: <Response [200]>
2021-09-09 14:15:03,891 - instabot version: 0.117.0 (api) - DEBUG - GET to endpoint: users/6272734648/info/ returned response: <Response [200]>
2021-09-09 14:15:04,774 - instabot version: 0.117.0 (api) - DEBUG - GET to endpoint: users/47466342960/info/ returned response: <Response [200]>
2021-09-09 14:15:06,427 - instabot version: 0.117.0 (api) - DEBUG - GET to endpoint: users/8928638664/info/ returned response: <Response [200]>
2021-09-09 14:15:07,301 - instabot version: 0.117.0 (api) - DEBUG - GET to endpoint: users/5574911079/info/ returned response: <Response [200]>
2021-09-09 14:15:08,317 - instabot version: 0.117.0 (api) - DEBUG - GET to endpoint: users/12897094340/info/ returned response: <Response [200]>
2021-09-09 14:15:09,397 - instabot version: 0.117.0 (api) - DEBUG - GET to endpoint: users/5047350689/info/ returned response: <Response [200]>
2021-09-09 14:15:10,463 - instabot version: 0.117.0 (api) - DEBUG - GET to endpoint: users/854661720/info/ returned response: <Response [200]>
2021-09-09 14:15:11,273 - instabot version: 0.117.0 (api) - DEBUG - GET to endpoint: users/1694100026/info/ returned response: <Response [200]>
2021-09-09 14:15:12,126 - instabot version: 0.117.0 (api) - DEBUG - GET to endpoint: users/4085618843/info/ returned response: <Response [200]>
2021-09-09 14:15:13,993 - instabot version: 0.117.0 (api) - DEBUG - GET to endpoint: users/1412941756/info/ returned response: <Response [200]>
2021-09-09 14:15:14,971 - instabot version: 0.117.0 (api) - DEBUG - GET to endpoint: users/2008024671/info/ returned response: <Response [200]>
2021-09-09 14:15:16,026 - instabot version: 0.117.0 (api) - DEBUG - GET to endpoint: users/45603126458/info/ returned response: <Response [200]>
2021-09-09 14:15:16,902 - instabot version: 0.117.0 (api) - DEBUG - GET to endpoint: users/37530945192/info/ returned response: <Response [200]>
2021-09-09 14:15:20,133 - instabot version: 0.117.0 (api) - DEBUG - GET to endpoint: users/37796516249/info/ returned response: <Response [200]>
2021-09-09 14:15:21,468 - instabot version: 0.117.0 (api) - DEBUG - GET to endpoint: users/1461780903/info/ returned response: <Response [200]>
2021-09-09 14:15:22,876 - instabot version: 0.117.0 (api) - DEBUG - GET to endpoint: users/9158869340/info/ returned response: <Response [200]>
2021-09-09 14:15:23,649 - instabot version: 0.117.0 (api) - DEBUG - GET to endpoint: users/5927598735/info/ returned response: <Response [200]>
2021-09-09 14:15:24,360 - instabot version: 0.117.0 (api) - DEBUG - GET to endpoint: users/5910397694/info/ returned response: <Response [200]>
2021-09-09 14:15:25,144 - instabot version: 0.117.0 (api) - DEBUG - GET to endpoint: users/1568001818/info/ returned response: <Response [200]>
2021-09-09 14:15:25,837 - instabot version: 0.117.0 (api) - DEBUG - GET to endpoint: users/1918982475/info/ returned response: <Response [200]>
2021-09-09 14:15:26,673 - instabot version: 0.117.0 (api) - DEBUG - GET to endpoint: users/429133707/info/ returned response: <Response [200]>
2021-09-09 14:15:27,438 - instabot version: 0.117.0 (api) - DEBUG - GET to endpoint: users/9314208618/info/ returned response: <Response [200]>
2021-09-09 14:15:28,340 - instabot version: 0.117.0 (api) - DEBUG - GET to endpoint: users/1613783331/info/ returned response: <Response [200]>
2021-09-09 14:15:29,091 - instabot version: 0.117.0 (api) - DEBUG - GET to endpoint: users/1458125052/info/ returned response: <Response [200]>
2021-09-09 14:15:29,801 - instabot version: 0.117.0 (api) - DEBUG - GET to endpoint: users/2271305171/info/ returned response: <Response [200]>
2021-09-09 14:15:30,727 - instabot version: 0.117.0 (api) - DEBUG - GET to endpoint: users/1281338838/info/ returned response: <Response [200]>
2021-09-09 14:15:31,710 - instabot version: 0.117.0 (api) - DEBUG - GET to endpoint: users/1438889421/info/ returned response: <Response [200]>
2021-09-09 14:15:32,608 - instabot version: 0.117.0 (api) - DEBUG - GET to endpoint: users/2353369984/info/ returned response: <Response [200]>
2021-09-09 14:15:33,710 - instabot version: 0.117.0 (api) - DEBUG - GET to endpoint: users/1458134119/info/ returned response: <Response [200]>
2021-09-09 14:15:34,439 - instabot version: 0.117.0 (api) - DEBUG - GET to endpoint: users/13504962523/info/ returned response: <Response [200]>
2021-09-09 14:15:35,265 - instabot version: 0.117.0 (api) - DEBUG - GET to endpoint: users/8282204605/info/ returned response: <Response [200]>
2021-09-09 14:15:36,128 - instabot version: 0.117.0 (api) - DEBUG - GET to endpoint: users/1596105232/info/ returned response: <Response [200]>
2021-09-09 14:15:36,906 - instabot version: 0.117.0 (api) - DEBUG - GET to endpoint: users/31518184032/info/ returned response: <Response [200]>
2021-09-09 14:15:37,605 - instabot version: 0.117.0 (api) - DEBUG - GET to endpoint: users/6250688500/info/ returned response: <Response [200]>
2021-09-09 14:15:39,169 - instabot version: 0.117.0 (api) - DEBUG - GET to endpoint: users/4301702667/info/ returned response: <Response [200]>
2021-09-09 14:15:40,092 - instabot version: 0.117.0 (api) - DEBUG - GET to endpoint: users/21853551532/info/ returned response: <Response [200]>
2021-09-09 14:15:40,924 - instabot version: 0.117.0 (api) - DEBUG - GET to endpoint: users/2319086791/info/ returned response: <Response [200]>
2021-09-09 14:15:41,699 - instabot version: 0.117.0 (api) - DEBUG - GET to endpoint: users/3288899721/info/ returned response: <Response [200]>
2021-09-09 14:15:42,669 - instabot version: 0.117.0 (api) - DEBUG - GET to endpoint: users/45469781341/info/ returned response: <Response [200]>
2021-09-09 14:15:43,406 - instabot version: 0.117.0 (api) - DEBUG - GET to endpoint: users/1723818806/info/ returned response: <Response [200]>
2021-09-09 14:15:44,276 - instabot version: 0.117.0 (api) - DEBUG - GET to endpoint: users/1503880410/info/ returned response: <Response [200]>
2021-09-09 14:15:45,042 - instabot version: 0.117.0 (api) - DEBUG - GET to endpoint: users/4012808736/info/ returned response: <Response [200]>
2021-09-09 14:15:45,857 - instabot version: 0.117.0 (api) - DEBUG - GET to endpoint: users/1910771231/info/ returned response: <Response [200]>
2021-09-09 14:15:47,281 - instabot version: 0.117.0 (api) - DEBUG - GET to endpoint: users/6572021071/info/ returned response: <Response [200]>
2021-09-09 14:15:48,020 - instabot version: 0.117.0 (api) - DEBUG - GET to endpoint: users/503855374/info/ returned response: <Response [200]>
2021-09-09 14:15:48,781 - instabot version: 0.117.0 (api) - DEBUG - GET to endpoint: users/8581754284/info/ returned response: <Response [200]>
2021-09-09 14:15:49,543 - instabot version: 0.117.0 (api) - DEBUG - GET to endpoint: users/6999849389/info/ returned response: <Response [200]>
2021-09-09 14:15:50,302 - instabot version: 0.117.0 (api) - DEBUG - GET to endpoint: users/21213831755/info/ returned response: <Response [200]>
2021-09-09 14:15:50,309 - instabot version: 0.117.0 (bot_checkpoint) - DEBUG - Saving Checkpoint file to: C:\Users\HepahhangRayaneh\Django\First\Ofogh/config/mohammadkhoshnood88.checkpoint
2021-09-09 14:15:50,349 - instabot version: 0.117.0 (bot) - INFO - Total requests: 150
